<?xml version="1.0" encoding="UTF-8"?>
<testsuite xmlns:xsi="http://www.w3.org/2001/XMLSchema-instance" xsi:noNamespaceSchemaLocation="https://maven.apache.org/surefire/maven-surefire-plugin/xsd/surefire-test-report-3.0.xsd" version="3.0" name="com.example.demo.ReadinglogApplicationTests" time="0.014" tests="1" errors="0" skipped="0" failures="0">
  <properties>
[...]
</properties>
  <testcase name="contextLoads" classname="com.example.demo.ReadinglogApplicationTests" time="0.004">
    <system-out><![CDATA[2025-03-19T17:25:22.177+09:00  INFO 28076 --- [readinglog] [           main] t.c.s.AnnotationConfigContextLoaderUtils : Could not detect default configuration classes for test class [com.example.demo.ReadinglogApplicationTests]: ReadinglogApplicationTests does not declare any static, non-private, non-final, nested classes annotated with @Configuration.
2025-03-19T17:25:22.179+09:00  INFO 28076 --- [readinglog] [           main] .b.t.c.SpringBootTestContextBootstrapper : Found @SpringBootConfiguration com.example.demo.ReadinglogApplication for test class com.example.demo.ReadinglogApplicationTests
]]></system-out>
  </testcase>
</testsuite>